<?xml version="1.0" encoding="UTF-8"?>
<testsuite name="com.constantcontact.v2.tracking.BounceReportTest" tests="2" skipped="0" failures="0" errors="0" timestamp="2016-11-08T17:20:08" hostname="NGALBRAITHMAC1" time="0.003">
  <properties/>
  <testcase name="expectThatGettingAndSettingValues_WillReturnSame" classname="com.constantcontact.v2.tracking.BounceReportTest" time="0.001"/>
  <testcase name="expectThatSerializing_WillRetainValues" classname="com.constantcontact.v2.tracking.BounceReportTest" time="0.002"/>
  <system-out><![CDATA[]]></system-out>
  <system-err><![CDATA[]]></system-err>
</testsuite>
