<?xml version="1.0" encoding="UTF-8"?>
<testsuite name="com.constantcontact.v2.campaigns.CampaignTest" tests="2" skipped="0" failures="0" errors="0" timestamp="2016-11-08T17:20:07" hostname="NGALBRAITHMAC1" time="0.009">
  <properties/>
  <testcase name="expectThatGettingAndSettingValues_WillReturnSame" classname="com.constantcontact.v2.campaigns.CampaignTest" time="0.001"/>
  <testcase name="expectThatSerializing_WillRetainValues" classname="com.constantcontact.v2.campaigns.CampaignTest" time="0.007"/>
  <system-out><![CDATA[]]></system-out>
  <system-err><![CDATA[]]></system-err>
</testsuite>
