<?xml version="1.0" encoding="UTF-8"?>
<testsuite name="com.constantcontact.v2.CCApi2Test" tests="1" skipped="0" failures="0" errors="0" timestamp="2016-11-08T17:20:11" hostname="NGALBRAITHMAC1" time="1.713">
  <properties/>
  <testcase name="doSomething" classname="com.constantcontact.v2.CCApi2Test" time="1.713"/>
  <system-out><![CDATA[null
]]></system-out>
  <system-err><![CDATA[Nov 08, 2016 10:20:11 AM okhttp3.internal.platform.Platform log
INFO: --> GET https://api.constantcontact.com/com.constantcontact.v2/account/verifiedemailaddresses?api_key=2nrezrs3wnc7kayk49k7dd2g http/1.1
Nov 08, 2016 10:20:13 AM okhttp3.internal.platform.Platform log
INFO: <-- 596 596 https://api.constantcontact.com/com.constantcontact.v2/account/verifiedemailaddresses?api_key=2nrezrs3wnc7kayk49k7dd2g (1207ms, 30-byte body)
]]></system-err>
</testsuite>
